{"/home/prathameshpatil/VS_CODE/task-manager-express/src/controllers/auth.controller.ts": {"path":"/home/prathameshpatil/VS_CODE/task-manager-express/src/controllers/auth.controller.ts","statementMap":{"0":{"start":{"line":2,"column":0},"end":{"line":2,"column":19}},"1":{"start":{"line":3,"column":0},"end":{"line":3,"column":29}},"2":{"start":{"line":4,"column":0},"end":{"line":4,"column":27}},"3":{"start":{"line":5,"column":0},"end":{"line":5,"column":null}},"4":{"start":{"line":10,"column":0},"end":{"line":10,"column":null}},"5":{"start":{"line":16,"column":21},"end":{"line":21,"column":2}},"6":{"start":{"line":22,"column":21},"end":{"line":31,"column":4}},"7":{"start":{"line":28,"column":20},"end":{"line":28,"column":51}},"8":{"start":{"line":33,"column":32},"end":{"line":112,"column":1}},"9":{"start":{"line":37,"column":2},"end":{"line":111,"column":3}},"10":{"start":{"line":38,"column":19},"end":{"line":38,"column":51}},"11":{"start":{"line":39,"column":4},"end":{"line":44,"column":5}},"12":{"start":{"line":40,"column":6},"end":{"line":43,"column":null}},"13":{"start":{"line":46,"column":48},"end":{"line":46,"column":59}},"14":{"start":{"line":48,"column":25},"end":{"line":50,"column":6}},"15":{"start":{"line":52,"column":4},"end":{"line":56,"column":5}},"16":{"start":{"line":53,"column":6},"end":{"line":55,"column":null}},"17":{"start":{"line":59,"column":6},"end":{"line":59,"column":32}},"18":{"start":{"line":60,"column":4},"end":{"line":64,"column":5}},"19":{"start":{"line":61,"column":6},"end":{"line":63,"column":null}},"20":{"start":{"line":66,"column":20},"end":{"line":73,"column":6}},"21":{"start":{"line":75,"column":24},"end":{"line":80,"column":6}},"22":{"start":{"line":82,"column":25},"end":{"line":87,"column":6}},"23":{"start":{"line":89,"column":52},"end":{"line":89,"column":59}},"24":{"start":{"line":90,"column":4},"end":{"line":95,"column":null}},"25":{"start":{"line":96,"column":4},"end":{"line":101,"column":null}},"26":{"start":{"line":102,"column":4},"end":{"line":107,"column":null}},"27":{"start":{"line":109,"column":4},"end":{"line":109,"column":null}},"28":{"start":{"line":110,"column":4},"end":{"line":110,"column":null}},"29":{"start":{"line":33,"column":13},"end":{"line":33,"column":32}},"30":{"start":{"line":114,"column":32},"end":{"line":184,"column":1}},"31":{"start":{"line":118,"column":2},"end":{"line":183,"column":3}},"32":{"start":{"line":119,"column":19},"end":{"line":119,"column":51}},"33":{"start":{"line":120,"column":4},"end":{"line":125,"column":5}},"34":{"start":{"line":121,"column":6},"end":{"line":124,"column":null}},"35":{"start":{"line":126,"column":42},"end":{"line":126,"column":53}},"36":{"start":{"line":128,"column":25},"end":{"line":128,"column":27}},"37":{"start":{"line":129,"column":4},"end":{"line":129,"column":null}},"38":{"start":{"line":129,"column":18},"end":{"line":129,"column":null}},"39":{"start":{"line":130,"column":4},"end":{"line":130,"column":null}},"40":{"start":{"line":130,"column":15},"end":{"line":130,"column":null}},"41":{"start":{"line":132,"column":17},"end":{"line":134,"column":6}},"42":{"start":{"line":135,"column":4},"end":{"line":139,"column":5}},"43":{"start":{"line":136,"column":6},"end":{"line":138,"column":null}},"44":{"start":{"line":141,"column":26},"end":{"line":141,"column":72}},"45":{"start":{"line":142,"column":4},"end":{"line":146,"column":5}},"46":{"start":{"line":143,"column":6},"end":{"line":145,"column":null}},"47":{"start":{"line":147,"column":24},"end":{"line":152,"column":6}},"48":{"start":{"line":154,"column":25},"end":{"line":159,"column":6}},"49":{"start":{"line":161,"column":52},"end":{"line":161,"column":56}},"50":{"start":{"line":162,"column":4},"end":{"line":167,"column":null}},"51":{"start":{"line":168,"column":4},"end":{"line":173,"column":null}},"52":{"start":{"line":174,"column":4},"end":{"line":179,"column":null}},"53":{"start":{"line":181,"column":4},"end":{"line":181,"column":null}},"54":{"start":{"line":182,"column":4},"end":{"line":182,"column":null}},"55":{"start":{"line":114,"column":13},"end":{"line":114,"column":32}},"56":{"start":{"line":186,"column":38},"end":{"line":259,"column":1}},"57":{"start":{"line":190,"column":2},"end":{"line":258,"column":3}},"58":{"start":{"line":192,"column":6},"end":{"line":193,"column":57}},"59":{"start":{"line":195,"column":4},"end":{"line":199,"column":5}},"60":{"start":{"line":196,"column":6},"end":{"line":198,"column":null}},"61":{"start":{"line":201,"column":4},"end":{"line":210,"column":5}},"62":{"start":{"line":206,"column":6},"end":{"line":206,"column":null}},"63":{"start":{"line":207,"column":6},"end":{"line":209,"column":null}},"64":{"start":{"line":211,"column":20},"end":{"line":211,"column":58}},"65":{"start":{"line":213,"column":17},"end":{"line":215,"column":6}},"66":{"start":{"line":217,"column":4},"end":{"line":221,"column":5}},"67":{"start":{"line":218,"column":6},"end":{"line":220,"column":null}},"68":{"start":{"line":222,"column":27},"end":{"line":227,"column":6}},"69":{"start":{"line":229,"column":28},"end":{"line":234,"column":6}},"70":{"start":{"line":235,"column":4},"end":{"line":240,"column":null}},"71":{"start":{"line":242,"column":4},"end":{"line":247,"column":null}},"72":{"start":{"line":248,"column":4},"end":{"line":252,"column":null}},"73":{"start":{"line":254,"column":4},"end":{"line":254,"column":null}},"74":{"start":{"line":255,"column":4},"end":{"line":257,"column":null}},"75":{"start":{"line":186,"column":13},"end":{"line":186,"column":38}},"76":{"start":{"line":261,"column":22},"end":{"line":300,"column":1}},"77":{"start":{"line":265,"column":2},"end":{"line":299,"column":3}},"78":{"start":{"line":267,"column":6},"end":{"line":268,"column":57}},"79":{"start":{"line":270,"column":4},"end":{"line":274,"column":5}},"80":{"start":{"line":271,"column":6},"end":{"line":273,"column":null}},"81":{"start":{"line":276,"column":34},"end":{"line":280,"column":6}},"82":{"start":{"line":282,"column":4},"end":{"line":286,"column":5}},"83":{"start":{"line":283,"column":6},"end":{"line":285,"column":null}},"84":{"start":{"line":288,"column":4},"end":{"line":288,"column":null}},"85":{"start":{"line":289,"column":4},"end":{"line":289,"column":null}},"86":{"start":{"line":291,"column":4},"end":{"line":293,"column":null}},"87":{"start":{"line":295,"column":4},"end":{"line":295,"column":null}},"88":{"start":{"line":296,"column":4},"end":{"line":298,"column":null}},"89":{"start":{"line":261,"column":13},"end":{"line":261,"column":22}}},"fnMap":{"0":{"name":"(anonymous_1)","decl":{"start":{"line":28,"column":10},"end":{"line":28,"column":11}},"loc":{"start":{"line":28,"column":20},"end":{"line":28,"column":51}}},"1":{"name":"(anonymous_2)","decl":{"start":{"line":33,"column":32},"end":{"line":33,"column":37}},"loc":{"start":{"line":36,"column":23},"end":{"line":112,"column":1}}},"2":{"name":"(anonymous_3)","decl":{"start":{"line":114,"column":32},"end":{"line":114,"column":37}},"loc":{"start":{"line":117,"column":23},"end":{"line":184,"column":1}}},"3":{"name":"(anonymous_4)","decl":{"start":{"line":186,"column":38},"end":{"line":186,"column":43}},"loc":{"start":{"line":189,"column":23},"end":{"line":259,"column":1}}},"4":{"name":"(anonymous_5)","decl":{"start":{"line":261,"column":22},"end":{"line":261,"column":27}},"loc":{"start":{"line":264,"column":23},"end":{"line":300,"column":1}}}},"branchMap":{"0":{"loc":{"start":{"line":28,"column":23},"end":{"line":28,"column":50}},"type":"binary-expr","locations":[{"start":{"line":28,"column":23},"end":{"line":28,"column":36}},{"start":{"line":28,"column":40},"end":{"line":28,"column":50}}]},"1":{"loc":{"start":{"line":39,"column":4},"end":{"line":44,"column":5}},"type":"if","locations":[{"start":{"line":39,"column":4},"end":{"line":44,"column":5}},{"start":{},"end":{}}]},"2":{"loc":{"start":{"line":52,"column":4},"end":{"line":56,"column":5}},"type":"if","locations":[{"start":{"line":52,"column":4},"end":{"line":56,"column":5}},{"start":{},"end":{}}]},"3":{"loc":{"start":{"line":60,"column":4},"end":{"line":64,"column":5}},"type":"if","locations":[{"start":{"line":60,"column":4},"end":{"line":64,"column":5}},{"start":{},"end":{}}]},"4":{"loc":{"start":{"line":120,"column":4},"end":{"line":125,"column":5}},"type":"if","locations":[{"start":{"line":120,"column":4},"end":{"line":125,"column":5}},{"start":{},"end":{}}]},"5":{"loc":{"start":{"line":129,"column":4},"end":{"line":129,"column":null}},"type":"if","locations":[{"start":{"line":129,"column":4},"end":{"line":129,"column":null}},{"start":{},"end":{}}]},"6":{"loc":{"start":{"line":130,"column":4},"end":{"line":130,"column":null}},"type":"if","locations":[{"start":{"line":130,"column":4},"end":{"line":130,"column":null}},{"start":{},"end":{}}]},"7":{"loc":{"start":{"line":135,"column":4},"end":{"line":139,"column":5}},"type":"if","locations":[{"start":{"line":135,"column":4},"end":{"line":139,"column":5}},{"start":{},"end":{}}]},"8":{"loc":{"start":{"line":142,"column":4},"end":{"line":146,"column":5}},"type":"if","locations":[{"start":{"line":142,"column":4},"end":{"line":146,"column":5}},{"start":{},"end":{}}]},"9":{"loc":{"start":{"line":192,"column":6},"end":{"line":193,"column":57}},"type":"binary-expr","locations":[{"start":{"line":192,"column":6},"end":{"line":192,"column":31}},{"start":{"line":193,"column":6},"end":{"line":193,"column":57}}]},"10":{"loc":{"start":{"line":195,"column":4},"end":{"line":199,"column":5}},"type":"if","locations":[{"start":{"line":195,"column":4},"end":{"line":199,"column":5}},{"start":{},"end":{}}]},"11":{"loc":{"start":{"line":201,"column":4},"end":{"line":210,"column":5}},"type":"if","locations":[{"start":{"line":201,"column":4},"end":{"line":210,"column":5}},{"start":{},"end":{}}]},"12":{"loc":{"start":{"line":217,"column":4},"end":{"line":221,"column":5}},"type":"if","locations":[{"start":{"line":217,"column":4},"end":{"line":221,"column":5}},{"start":{},"end":{}}]},"13":{"loc":{"start":{"line":267,"column":6},"end":{"line":268,"column":57}},"type":"binary-expr","locations":[{"start":{"line":267,"column":6},"end":{"line":267,"column":31}},{"start":{"line":268,"column":6},"end":{"line":268,"column":57}}]},"14":{"loc":{"start":{"line":270,"column":4},"end":{"line":274,"column":5}},"type":"if","locations":[{"start":{"line":270,"column":4},"end":{"line":274,"column":5}},{"start":{},"end":{}}]},"15":{"loc":{"start":{"line":282,"column":4},"end":{"line":286,"column":5}},"type":"if","locations":[{"start":{"line":282,"column":4},"end":{"line":286,"column":5}},{"start":{},"end":{}}]}},"s":{"0":1,"1":1,"2":1,"3":1,"4":1,"5":1,"6":1,"7":3,"8":1,"9":4,"10":4,"11":4,"12":1,"13":3,"14":3,"15":3,"16":1,"17":2,"18":2,"19":1,"20":1,"21":1,"22":1,"23":1,"24":1,"25":1,"26":1,"27":0,"28":0,"29":1,"30":1,"31":3,"32":3,"33":3,"34":0,"35":3,"36":3,"37":3,"38":3,"39":3,"40":0,"41":3,"42":3,"43":1,"44":2,"45":2,"46":1,"47":1,"48":1,"49":1,"50":1,"51":1,"52":1,"53":0,"54":0,"55":1,"56":1,"57":0,"58":0,"59":0,"60":0,"61":0,"62":0,"63":0,"64":0,"65":0,"66":0,"67":0,"68":0,"69":0,"70":0,"71":0,"72":0,"73":0,"74":0,"75":1,"76":1,"77":2,"78":2,"79":2,"80":1,"81":1,"82":1,"83":0,"84":1,"85":1,"86":1,"87":0,"88":0,"89":1},"f":{"0":3,"1":4,"2":3,"3":0,"4":2},"b":{"0":[3,0],"1":[1,3],"2":[1,2],"3":[1,1],"4":[0,3],"5":[3,0],"6":[0,3],"7":[1,2],"8":[1,1],"9":[0,0],"10":[0,0],"11":[0,0],"12":[0,0],"13":[2,1],"14":[1,1],"15":[0,1]}}
,"/home/prathameshpatil/VS_CODE/task-manager-express/src/middlewares/authenticateToken.ts": {"path":"/home/prathameshpatil/VS_CODE/task-manager-express/src/middlewares/authenticateToken.ts","statementMap":{"0":{"start":{"line":5,"column":33},"end":{"line":31,"column":1}},"1":{"start":{"line":11,"column":4},"end":{"line":12,"column":55}},"2":{"start":{"line":14,"column":2},"end":{"line":19,"column":3}},"3":{"start":{"line":15,"column":4},"end":{"line":17,"column":null}},"4":{"start":{"line":18,"column":4},"end":{"line":18,"column":10}},"5":{"start":{"line":21,"column":2},"end":{"line":30,"column":3}},"6":{"start":{"line":22,"column":20},"end":{"line":22,"column":56}},"7":{"start":{"line":23,"column":4},"end":{"line":23,"column":null}},"8":{"start":{"line":24,"column":4},"end":{"line":24,"column":null}},"9":{"start":{"line":26,"column":4},"end":{"line":28,"column":null}},"10":{"start":{"line":29,"column":4},"end":{"line":29,"column":10}}},"fnMap":{"0":{"name":"(anonymous_0)","decl":{"start":{"line":5,"column":33},"end":{"line":5,"column":38}},"loc":{"start":{"line":9,"column":19},"end":{"line":31,"column":1}}}},"branchMap":{"0":{"loc":{"start":{"line":11,"column":4},"end":{"line":12,"column":55}},"type":"binary-expr","locations":[{"start":{"line":11,"column":4},"end":{"line":11,"column":27}},{"start":{"line":12,"column":4},"end":{"line":12,"column":55}}]},"1":{"loc":{"start":{"line":14,"column":2},"end":{"line":19,"column":3}},"type":"if","locations":[{"start":{"line":14,"column":2},"end":{"line":19,"column":3}},{"start":{},"end":{}}]}},"s":{"0":0,"1":0,"2":0,"3":0,"4":0,"5":0,"6":0,"7":0,"8":0,"9":0,"10":0},"f":{"0":0},"b":{"0":[0,0],"1":[0,0]}}
,"/home/prathameshpatil/VS_CODE/task-manager-express/src/routes/auth.routes.ts": {"path":"/home/prathameshpatil/VS_CODE/task-manager-express/src/routes/auth.routes.ts","statementMap":{"0":{"start":{"line":1,"column":0},"end":{"line":1,"column":29}},"1":{"start":{"line":4,"column":0},"end":{"line":4,"column":42}},"2":{"start":{"line":5,"column":0},"end":{"line":5,"column":27}},"3":{"start":{"line":6,"column":0},"end":{"line":6,"column":null}},"4":{"start":{"line":12,"column":15},"end":{"line":12,"column":31}},"5":{"start":{"line":15,"column":2},"end":{"line":21,"column":8}},"6":{"start":{"line":16,"column":59},"end":{"line":16,"column":65}},"7":{"start":{"line":23,"column":0},"end":{"line":23,"column":null}},"8":{"start":{"line":24,"column":0},"end":{"line":24,"column":null}},"9":{"start":{"line":25,"column":0},"end":{"line":25,"column":null}},"10":{"start":{"line":26,"column":0},"end":{"line":26,"column":null}},"11":{"start":{"line":28,"column":0},"end":{"line":28,"column":null}}},"fnMap":{"0":{"name":"(anonymous_1)","decl":{"start":{"line":16,"column":6},"end":{"line":16,"column":7}},"loc":{"start":{"line":16,"column":59},"end":{"line":16,"column":65}}}},"branchMap":{"0":{"loc":{"start":{"line":15,"column":2},"end":{"line":21,"column":8}},"type":"cond-expr","locations":[{"start":{"line":16,"column":6},"end":{"line":16,"column":65}},{"start":{"line":17,"column":6},"end":{"line":21,"column":8}}]}},"s":{"0":1,"1":1,"2":1,"3":1,"4":1,"5":1,"6":7,"7":1,"8":1,"9":1,"10":1,"11":1},"f":{"0":7},"b":{"0":[1,0]}}
,"/home/prathameshpatil/VS_CODE/task-manager-express/src/utils/cleanupBlacklistedTokens.ts": {"path":"/home/prathameshpatil/VS_CODE/task-manager-express/src/utils/cleanupBlacklistedTokens.ts","statementMap":{"0":{"start":{"line":3,"column":33},"end":{"line":28,"column":1}},"1":{"start":{"line":4,"column":2},"end":{"line":27,"column":3}},"2":{"start":{"line":5,"column":26},"end":{"line":5,"column":36}},"3":{"start":{"line":6,"column":4},"end":{"line":6,"column":null}},"4":{"start":{"line":8,"column":19},"end":{"line":14,"column":6}},"5":{"start":{"line":16,"column":4},"end":{"line":20,"column":5}},"6":{"start":{"line":17,"column":6},"end":{"line":17,"column":null}},"7":{"start":{"line":19,"column":6},"end":{"line":19,"column":null}},"8":{"start":{"line":22,"column":4},"end":{"line":26,"column":5}},"9":{"start":{"line":23,"column":6},"end":{"line":23,"column":null}},"10":{"start":{"line":25,"column":6},"end":{"line":25,"column":null}}},"fnMap":{"0":{"name":"(anonymous_0)","decl":{"start":{"line":3,"column":33},"end":{"line":3,"column":38}},"loc":{"start":{"line":3,"column":59},"end":{"line":28,"column":1}}}},"branchMap":{"0":{"loc":{"start":{"line":16,"column":4},"end":{"line":20,"column":5}},"type":"if","locations":[{"start":{"line":16,"column":4},"end":{"line":20,"column":5}},{"start":{"line":18,"column":11},"end":{"line":20,"column":5}}]},"1":{"loc":{"start":{"line":22,"column":4},"end":{"line":26,"column":5}},"type":"if","locations":[{"start":{"line":22,"column":4},"end":{"line":26,"column":5}},{"start":{"line":24,"column":11},"end":{"line":26,"column":5}}]}},"s":{"0":0,"1":0,"2":0,"3":0,"4":0,"5":0,"6":0,"7":0,"8":0,"9":0,"10":0},"f":{"0":0},"b":{"0":[0,0],"1":[0,0]}}
,"/home/prathameshpatil/VS_CODE/task-manager-express/src/utils/jwt.ts": {"path":"/home/prathameshpatil/VS_CODE/task-manager-express/src/utils/jwt.ts","statementMap":{"0":{"start":{"line":6,"column":35},"end":{"line":19,"column":1}},"1":{"start":{"line":9,"column":17},"end":{"line":9,"column":31}},"2":{"start":{"line":10,"column":2},"end":{"line":12,"column":3}},"3":{"start":{"line":11,"column":4},"end":{"line":11,"column":null}},"4":{"start":{"line":13,"column":20},"end":{"line":13,"column":52}},"5":{"start":{"line":14,"column":2},"end":{"line":18,"column":null}},"6":{"start":{"line":21,"column":36},"end":{"line":36,"column":1}},"7":{"start":{"line":24,"column":17},"end":{"line":24,"column":39}},"8":{"start":{"line":25,"column":2},"end":{"line":29,"column":3}},"9":{"start":{"line":26,"column":4},"end":{"line":28,"column":null}},"10":{"start":{"line":30,"column":20},"end":{"line":30,"column":52}},"11":{"start":{"line":31,"column":2},"end":{"line":35,"column":null}},"12":{"start":{"line":38,"column":33},"end":{"line":53,"column":1}},"13":{"start":{"line":41,"column":20},"end":{"line":41,"column":60}},"14":{"start":{"line":42,"column":19},"end":{"line":44,"column":17}},"15":{"start":{"line":46,"column":22},"end":{"line":46,"column":58}},"16":{"start":{"line":47,"column":2},"end":{"line":52,"column":null}},"17":{"start":{"line":55,"column":34},"end":{"line":70,"column":1}},"18":{"start":{"line":58,"column":20},"end":{"line":58,"column":68}},"19":{"start":{"line":59,"column":19},"end":{"line":61,"column":18}},"20":{"start":{"line":63,"column":22},"end":{"line":63,"column":58}},"21":{"start":{"line":64,"column":2},"end":{"line":69,"column":null}}},"fnMap":{"0":{"name":"(anonymous_0)","decl":{"start":{"line":6,"column":35},"end":{"line":6,"column":40}},"loc":{"start":{"line":8,"column":21},"end":{"line":19,"column":1}}},"1":{"name":"(anonymous_1)","decl":{"start":{"line":21,"column":36},"end":{"line":21,"column":41}},"loc":{"start":{"line":23,"column":21},"end":{"line":36,"column":1}}},"2":{"name":"(anonymous_2)","decl":{"start":{"line":38,"column":33},"end":{"line":38,"column":38}},"loc":{"start":{"line":40,"column":25},"end":{"line":53,"column":1}}},"3":{"name":"(anonymous_3)","decl":{"start":{"line":55,"column":34},"end":{"line":55,"column":39}},"loc":{"start":{"line":57,"column":25},"end":{"line":70,"column":1}}}},"branchMap":{"0":{"loc":{"start":{"line":10,"column":2},"end":{"line":12,"column":3}},"type":"if","locations":[{"start":{"line":10,"column":2},"end":{"line":12,"column":3}},{"start":{},"end":{}}]},"1":{"loc":{"start":{"line":17,"column":23},"end":{"line":17,"column":49}},"type":"binary-expr","locations":[{"start":{"line":17,"column":23},"end":{"line":17,"column":41}},{"start":{"line":17,"column":45},"end":{"line":17,"column":49}}]},"2":{"loc":{"start":{"line":25,"column":2},"end":{"line":29,"column":3}},"type":"if","locations":[{"start":{"line":25,"column":2},"end":{"line":29,"column":3}},{"start":{},"end":{}}]},"3":{"loc":{"start":{"line":42,"column":19},"end":{"line":44,"column":17}},"type":"cond-expr","locations":[{"start":{"line":43,"column":6},"end":{"line":43,"column":26}},{"start":{"line":44,"column":6},"end":{"line":44,"column":17}}]},"4":{"loc":{"start":{"line":59,"column":19},"end":{"line":61,"column":18}},"type":"cond-expr","locations":[{"start":{"line":60,"column":6},"end":{"line":60,"column":27}},{"start":{"line":61,"column":6},"end":{"line":61,"column":18}}]}},"s":{"0":0,"1":0,"2":0,"3":0,"4":0,"5":0,"6":0,"7":0,"8":0,"9":0,"10":0,"11":0,"12":0,"13":0,"14":0,"15":0,"16":0,"17":0,"18":0,"19":0,"20":0,"21":0},"f":{"0":0,"1":0,"2":0,"3":0},"b":{"0":[0,0],"1":[0,0],"2":[0,0],"3":[0,0],"4":[0,0]}}
,"/home/prathameshpatil/VS_CODE/task-manager-express/src/utils/password.ts": {"path":"/home/prathameshpatil/VS_CODE/task-manager-express/src/utils/password.ts","statementMap":{"0":{"start":{"line":1,"column":1},"end":{"line":1,"column":null}},"1":{"start":{"line":5,"column":21},"end":{"line":7,"column":1}},"2":{"start":{"line":6,"column":2},"end":{"line":6,"column":null}},"3":{"start":{"line":9,"column":24},"end":{"line":14,"column":1}},"4":{"start":{"line":13,"column":2},"end":{"line":13,"column":null}},"5":{"start":{"line":16,"column":25},"end":{"line":41,"column":1}},"6":{"start":{"line":19,"column":27},"end":{"line":19,"column":29}},"7":{"start":{"line":21,"column":2},"end":{"line":23,"column":3}},"8":{"start":{"line":22,"column":4},"end":{"line":22,"column":null}},"9":{"start":{"line":24,"column":2},"end":{"line":26,"column":3}},"10":{"start":{"line":25,"column":4},"end":{"line":25,"column":null}},"11":{"start":{"line":27,"column":2},"end":{"line":29,"column":3}},"12":{"start":{"line":28,"column":4},"end":{"line":28,"column":null}},"13":{"start":{"line":30,"column":2},"end":{"line":32,"column":3}},"14":{"start":{"line":31,"column":4},"end":{"line":31,"column":null}},"15":{"start":{"line":33,"column":2},"end":{"line":35,"column":3}},"16":{"start":{"line":34,"column":4},"end":{"line":34,"column":null}},"17":{"start":{"line":37,"column":2},"end":{"line":40,"column":null}}},"fnMap":{"0":{"name":"(anonymous_0)","decl":{"start":{"line":5,"column":21},"end":{"line":5,"column":26}},"loc":{"start":{"line":5,"column":65},"end":{"line":7,"column":1}}},"1":{"name":"(anonymous_1)","decl":{"start":{"line":9,"column":24},"end":{"line":9,"column":29}},"loc":{"start":{"line":12,"column":22},"end":{"line":14,"column":1}}},"2":{"name":"(anonymous_2)","decl":{"start":{"line":16,"column":25},"end":{"line":16,"column":null}},"loc":{"start":{"line":18,"column":44},"end":{"line":41,"column":1}}}},"branchMap":{"0":{"loc":{"start":{"line":21,"column":2},"end":{"line":23,"column":3}},"type":"if","locations":[{"start":{"line":21,"column":2},"end":{"line":23,"column":3}},{"start":{},"end":{}}]},"1":{"loc":{"start":{"line":24,"column":2},"end":{"line":26,"column":3}},"type":"if","locations":[{"start":{"line":24,"column":2},"end":{"line":26,"column":3}},{"start":{},"end":{}}]},"2":{"loc":{"start":{"line":27,"column":2},"end":{"line":29,"column":3}},"type":"if","locations":[{"start":{"line":27,"column":2},"end":{"line":29,"column":3}},{"start":{},"end":{}}]},"3":{"loc":{"start":{"line":30,"column":2},"end":{"line":32,"column":3}},"type":"if","locations":[{"start":{"line":30,"column":2},"end":{"line":32,"column":3}},{"start":{},"end":{}}]},"4":{"loc":{"start":{"line":33,"column":2},"end":{"line":35,"column":3}},"type":"if","locations":[{"start":{"line":33,"column":2},"end":{"line":35,"column":3}},{"start":{},"end":{}}]}},"s":{"0":0,"1":0,"2":0,"3":0,"4":0,"5":0,"6":0,"7":0,"8":0,"9":0,"10":0,"11":0,"12":0,"13":0,"14":0,"15":0,"16":0,"17":0},"f":{"0":0,"1":0,"2":0},"b":{"0":[0,0],"1":[0,0],"2":[0,0],"3":[0,0],"4":[0,0]}}
}
