TN:
SF:src/controllers/auth.controller.ts
FN:28,(anonymous_1)
FN:33,(anonymous_2)
FN:114,(anonymous_3)
FN:186,(anonymous_4)
FN:261,(anonymous_5)
FNF:5
FNH:4
FNDA:3,(anonymous_1)
FNDA:4,(anonymous_2)
FNDA:3,(anonymous_3)
FNDA:0,(anonymous_4)
FNDA:2,(anonymous_5)
DA:2,1
DA:3,1
DA:4,1
DA:5,1
DA:10,1
DA:16,1
DA:22,1
DA:28,3
DA:33,1
DA:37,4
DA:38,4
DA:39,4
DA:40,1
DA:46,3
DA:48,3
DA:52,3
DA:53,1
DA:59,2
DA:60,2
DA:61,1
DA:66,1
DA:75,1
DA:82,1
DA:89,1
DA:90,1
DA:96,1
DA:102,1
DA:109,0
DA:110,0
DA:114,1
DA:118,3
DA:119,3
DA:120,3
DA:121,0
DA:126,3
DA:128,3
DA:129,3
DA:130,3
DA:132,3
DA:135,3
DA:136,1
DA:141,2
DA:142,2
DA:143,1
DA:147,1
DA:154,1
DA:161,1
DA:162,1
DA:168,1
DA:174,1
DA:181,0
DA:182,0
DA:186,1
DA:190,0
DA:192,0
DA:195,0
DA:196,0
DA:201,0
DA:206,0
DA:207,0
DA:211,0
DA:213,0
DA:217,0
DA:218,0
DA:222,0
DA:229,0
DA:235,0
DA:242,0
DA:248,0
DA:254,0
DA:255,0
DA:261,1
DA:265,2
DA:267,2
DA:270,2
DA:271,1
DA:276,1
DA:282,1
DA:283,0
DA:288,1
DA:289,1
DA:291,1
DA:295,0
DA:296,0
LF:84
LH:58
BRDA:28,0,0,3
BRDA:28,0,1,0
BRDA:39,1,0,1
BRDA:39,1,1,3
BRDA:52,2,0,1
BRDA:52,2,1,2
BRDA:60,3,0,1
BRDA:60,3,1,1
BRDA:120,4,0,0
BRDA:120,4,1,3
BRDA:129,5,0,3
BRDA:129,5,1,0
BRDA:130,6,0,0
BRDA:130,6,1,3
BRDA:135,7,0,1
BRDA:135,7,1,2
BRDA:142,8,0,1
BRDA:142,8,1,1
BRDA:192,9,0,0
BRDA:192,9,1,0
BRDA:195,10,0,0
BRDA:195,10,1,0
BRDA:201,11,0,0
BRDA:201,11,1,0
BRDA:217,12,0,0
BRDA:217,12,1,0
BRDA:267,13,0,2
BRDA:267,13,1,1
BRDA:270,14,0,1
BRDA:270,14,1,1
BRDA:282,15,0,0
BRDA:282,15,1,1
BRF:32
BRH:19
end_of_record
TN:
SF:src/middlewares/authenticateToken.ts
FN:5,(anonymous_0)
FNF:1
FNH:0
FNDA:0,(anonymous_0)
DA:5,0
DA:11,0
DA:14,0
DA:15,0
DA:18,0
DA:21,0
DA:22,0
DA:23,0
DA:24,0
DA:26,0
DA:29,0
LF:11
LH:0
BRDA:11,0,0,0
BRDA:11,0,1,0
BRDA:14,1,0,0
BRDA:14,1,1,0
BRF:4
BRH:0
end_of_record
TN:
SF:src/routes/auth.routes.ts
FN:16,(anonymous_1)
FNF:1
FNH:1
FNDA:7,(anonymous_1)
DA:1,1
DA:4,1
DA:5,1
DA:6,1
DA:12,1
DA:15,1
DA:16,7
DA:23,1
DA:24,1
DA:25,1
DA:26,1
DA:28,1
LF:12
LH:12
BRDA:15,0,0,1
BRDA:15,0,1,0
BRF:2
BRH:1
end_of_record
TN:
SF:src/utils/cleanupBlacklistedTokens.ts
FN:3,(anonymous_0)
FNF:1
FNH:0
FNDA:0,(anonymous_0)
DA:3,0
DA:4,0
DA:5,0
DA:6,0
DA:8,0
DA:16,0
DA:17,0
DA:19,0
DA:22,0
DA:23,0
DA:25,0
LF:11
LH:0
BRDA:16,0,0,0
BRDA:16,0,1,0
BRDA:22,1,0,0
BRDA:22,1,1,0
BRF:4
BRH:0
end_of_record
TN:
SF:src/utils/jwt.ts
FN:6,(anonymous_0)
FN:21,(anonymous_1)
FN:38,(anonymous_2)
FN:55,(anonymous_3)
FNF:4
FNH:0
FNDA:0,(anonymous_0)
FNDA:0,(anonymous_1)
FNDA:0,(anonymous_2)
FNDA:0,(anonymous_3)
DA:6,0
DA:9,0
DA:10,0
DA:11,0
DA:13,0
DA:14,0
DA:21,0
DA:24,0
DA:25,0
DA:26,0
DA:30,0
DA:31,0
DA:38,0
DA:41,0
DA:42,0
DA:46,0
DA:47,0
DA:55,0
DA:58,0
DA:59,0
DA:63,0
DA:64,0
LF:22
LH:0
BRDA:10,0,0,0
BRDA:10,0,1,0
BRDA:17,1,0,0
BRDA:17,1,1,0
BRDA:25,2,0,0
BRDA:25,2,1,0
BRDA:42,3,0,0
BRDA:42,3,1,0
BRDA:59,4,0,0
BRDA:59,4,1,0
BRF:10
BRH:0
end_of_record
TN:
SF:src/utils/password.ts
FN:5,(anonymous_0)
FN:9,(anonymous_1)
FN:16,(anonymous_2)
FNF:3
FNH:0
FNDA:0,(anonymous_0)
FNDA:0,(anonymous_1)
FNDA:0,(anonymous_2)
DA:1,0
DA:5,0
DA:6,0
DA:9,0
DA:13,0
DA:16,0
DA:19,0
DA:21,0
DA:22,0
DA:24,0
DA:25,0
DA:27,0
DA:28,0
DA:30,0
DA:31,0
DA:33,0
DA:34,0
DA:37,0
LF:18
LH:0
BRDA:21,0,0,0
BRDA:21,0,1,0
BRDA:24,1,0,0
BRDA:24,1,1,0
BRDA:27,2,0,0
BRDA:27,2,1,0
BRDA:30,3,0,0
BRDA:30,3,1,0
BRDA:33,4,0,0
BRDA:33,4,1,0
BRF:10
BRH:0
end_of_record
